{"C:\\Users\\29-vi\\Desktop\\Vue\\fp\\src\\App.vue": {"path":"C:\\Users\\29-vi\\Desktop\\Vue\\fp\\src\\App.vue","statementMap":{"0":{"start":{"line":10,"column":0},"end":{"line":10,"column":null}},"1":{"start":{"line":11,"column":0},"end":{"line":11,"column":null}},"2":{"start":{"line":20,"column":0},"end":{"line":20,"column":null}}},"fnMap":{"0":{"name":"data","decl":{"start":{"line":19,"column":0},"end":{"line":19,"column":null}},"loc":{"start":{"line":19,"column":0},"end":{"line":23,"column":null}}}},"branchMap":{},"s":{"0":0,"1":0,"2":0},"f":{"0":0},"b":{}}
,"C:\\Users\\29-vi\\Desktop\\Vue\\fp\\src\\components\\HelloWorld.vue": {"path":"C:\\Users\\29-vi\\Desktop\\Vue\\fp\\src\\components\\HelloWorld.vue","statementMap":{"0":{"start":{"line":68,"column":0},"end":{"line":68,"column":null}},"1":{"start":{"line":82,"column":0},"end":{"line":86,"column":null}},"2":{"start":{"line":83,"column":0},"end":{"line":83,"column":null}},"3":{"start":{"line":84,"column":0},"end":{"line":86,"column":null}},"4":{"start":{"line":85,"column":0},"end":{"line":85,"column":null}},"5":{"start":{"line":89,"column":0},"end":{"line":93,"column":null}},"6":{"start":{"line":90,"column":0},"end":{"line":90,"column":null}},"7":{"start":{"line":91,"column":0},"end":{"line":93,"column":null}},"8":{"start":{"line":92,"column":0},"end":{"line":92,"column":null}},"9":{"start":{"line":97,"column":0},"end":{"line":97,"column":null}},"10":{"start":{"line":100,"column":0},"end":{"line":100,"column":null}},"11":{"start":{"line":102,"column":0},"end":{"line":102,"column":null}},"12":{"start":{"line":103,"column":0},"end":{"line":103,"column":null}},"13":{"start":{"line":105,"column":0},"end":{"line":105,"column":null}},"14":{"start":{"line":106,"column":0},"end":{"line":106,"column":null}},"15":{"start":{"line":108,"column":0},"end":{"line":108,"column":null}},"16":{"start":{"line":109,"column":0},"end":{"line":109,"column":null}},"17":{"start":{"line":111,"column":0},"end":{"line":111,"column":null}},"18":{"start":{"line":112,"column":0},"end":{"line":112,"column":null}},"19":{"start":{"line":114,"column":0},"end":{"line":114,"column":null}},"20":{"start":{"line":115,"column":0},"end":{"line":115,"column":null}},"21":{"start":{"line":117,"column":0},"end":{"line":117,"column":null}},"22":{"start":{"line":118,"column":0},"end":{"line":118,"column":null}},"23":{"start":{"line":122,"column":0},"end":{"line":122,"column":null}},"24":{"start":{"line":125,"column":0},"end":{"line":125,"column":null}},"25":{"start":{"line":128,"column":0},"end":{"line":128,"column":null}},"26":{"start":{"line":131,"column":0},"end":{"line":131,"column":null}},"27":{"start":{"line":134,"column":0},"end":{"line":134,"column":null}},"28":{"start":{"line":135,"column":0},"end":{"line":137,"column":null}},"29":{"start":{"line":136,"column":0},"end":{"line":136,"column":null}},"30":{"start":{"line":140,"column":0},"end":{"line":150,"column":null}},"31":{"start":{"line":141,"column":0},"end":{"line":141,"column":null}},"32":{"start":{"line":142,"column":0},"end":{"line":144,"column":null}},"33":{"start":{"line":143,"column":0},"end":{"line":143,"column":null}},"34":{"start":{"line":146,"column":0},"end":{"line":146,"column":null}},"35":{"start":{"line":147,"column":0},"end":{"line":149,"column":null}},"36":{"start":{"line":148,"column":0},"end":{"line":148,"column":null}}},"fnMap":{"0":{"name":"data","decl":{"start":{"line":67,"column":0},"end":{"line":67,"column":null}},"loc":{"start":{"line":67,"column":0},"end":{"line":78,"column":null}}},"1":{"name":"sliceOperand","decl":{"start":{"line":81,"column":0},"end":{"line":81,"column":null}},"loc":{"start":{"line":81,"column":0},"end":{"line":87,"column":null}}},"2":{"name":"pushBtn","decl":{"start":{"line":88,"column":0},"end":{"line":88,"column":null}},"loc":{"start":{"line":88,"column":0},"end":{"line":95,"column":null}}},"3":{"name":"doThat","decl":{"start":{"line":96,"column":0},"end":{"line":96,"column":null}},"loc":{"start":{"line":96,"column":0},"end":{"line":98,"column":null}}},"4":{"name":"calculate","decl":{"start":{"line":99,"column":0},"end":{"line":99,"column":null}},"loc":{"start":{"line":99,"column":0},"end":{"line":120,"column":null}}},"5":{"name":"summ","decl":{"start":{"line":121,"column":0},"end":{"line":121,"column":null}},"loc":{"start":{"line":121,"column":0},"end":{"line":123,"column":null}}},"6":{"name":"subtraction","decl":{"start":{"line":124,"column":0},"end":{"line":124,"column":null}},"loc":{"start":{"line":124,"column":0},"end":{"line":126,"column":null}}},"7":{"name":"divide","decl":{"start":{"line":127,"column":0},"end":{"line":127,"column":null}},"loc":{"start":{"line":127,"column":0},"end":{"line":129,"column":null}}},"8":{"name":"multiply","decl":{"start":{"line":130,"column":0},"end":{"line":130,"column":null}},"loc":{"start":{"line":130,"column":0},"end":{"line":132,"column":null}}},"9":{"name":"degree","decl":{"start":{"line":133,"column":0},"end":{"line":133,"column":null}},"loc":{"start":{"line":133,"column":0},"end":{"line":138,"column":null}}},"10":{"name":"integer","decl":{"start":{"line":139,"column":0},"end":{"line":139,"column":null}},"loc":{"start":{"line":139,"column":0},"end":{"line":151,"column":null}}}},"branchMap":{"0":{"loc":{"start":{"line":82,"column":0},"end":{"line":86,"column":null}},"type":"if","locations":[{"start":{"line":82,"column":0},"end":{"line":86,"column":null}},{"start":{"line":84,"column":0},"end":{"line":86,"column":null}}]},"1":{"loc":{"start":{"line":84,"column":0},"end":{"line":86,"column":null}},"type":"if","locations":[{"start":{"line":84,"column":0},"end":{"line":86,"column":null}}]},"2":{"loc":{"start":{"line":89,"column":0},"end":{"line":93,"column":null}},"type":"if","locations":[{"start":{"line":89,"column":0},"end":{"line":93,"column":null}},{"start":{"line":91,"column":0},"end":{"line":93,"column":null}}]},"3":{"loc":{"start":{"line":91,"column":0},"end":{"line":93,"column":null}},"type":"if","locations":[{"start":{"line":91,"column":0},"end":{"line":93,"column":null}}]},"4":{"loc":{"start":{"line":100,"column":0},"end":{"line":100,"column":null}},"type":"switch","locations":[{"start":{"line":101,"column":0},"end":{"line":103,"column":null}},{"start":{"line":104,"column":0},"end":{"line":106,"column":null}},{"start":{"line":107,"column":0},"end":{"line":109,"column":null}},{"start":{"line":110,"column":0},"end":{"line":112,"column":null}},{"start":{"line":113,"column":0},"end":{"line":115,"column":null}},{"start":{"line":116,"column":0},"end":{"line":118,"column":null}}]},"5":{"loc":{"start":{"line":135,"column":0},"end":{"line":137,"column":null}},"type":"if","locations":[{"start":{"line":135,"column":0},"end":{"line":137,"column":null}}]},"6":{"loc":{"start":{"line":140,"column":0},"end":{"line":150,"column":null}},"type":"if","locations":[{"start":{"line":140,"column":0},"end":{"line":150,"column":null}},{"start":{"line":145,"column":0},"end":{"line":150,"column":null}}]},"7":{"loc":{"start":{"line":142,"column":0},"end":{"line":144,"column":null}},"type":"if","locations":[{"start":{"line":142,"column":0},"end":{"line":144,"column":null}}]},"8":{"loc":{"start":{"line":147,"column":0},"end":{"line":149,"column":null}},"type":"if","locations":[{"start":{"line":147,"column":0},"end":{"line":149,"column":null}}]}},"s":{"0":10,"1":1,"2":1,"3":0,"4":0,"5":1,"6":1,"7":0,"8":0,"9":0,"10":6,"11":1,"12":1,"13":1,"14":1,"15":1,"16":1,"17":1,"18":1,"19":1,"20":1,"21":1,"22":1,"23":1,"24":1,"25":1,"26":1,"27":1,"28":1,"29":0,"30":1,"31":1,"32":1,"33":0,"34":0,"35":0,"36":0},"f":{"0":10,"1":1,"2":1,"3":0,"4":6,"5":1,"6":1,"7":1,"8":1,"9":1,"10":1},"b":{"0":[1,0],"1":[0],"2":[1,0],"3":[0],"4":[1,1,1,1,1,1],"5":[0],"6":[1,0],"7":[0],"8":[0]}}
,"C:\\Users\\29-vi\\Desktop\\Vue\\fp\\src\\components\\MyExp.vue": {"path":"C:\\Users\\29-vi\\Desktop\\Vue\\fp\\src\\components\\MyExp.vue","statementMap":{"0":{"start":{"line":14,"column":0},"end":{"line":14,"column":null}},"1":{"start":{"line":20,"column":0},"end":{"line":20,"column":null}}},"fnMap":{"0":{"name":"data","decl":{"start":{"line":13,"column":0},"end":{"line":13,"column":null}},"loc":{"start":{"line":13,"column":0},"end":{"line":17,"column":null}}},"1":{"name":"addCounter","decl":{"start":{"line":19,"column":0},"end":{"line":19,"column":null}},"loc":{"start":{"line":19,"column":0},"end":{"line":21,"column":null}}}},"branchMap":{},"s":{"0":0,"1":0},"f":{"0":0,"1":0},"b":{}}
}
