TN:
SF:src\App.vue
FN:19,data
FNF:1
FNH:0
FNDA:0,data
DA:10,0
DA:11,0
DA:20,0
LF:3
LH:0
BRF:0
BRH:0
end_of_record
TN:
SF:src\components\HelloWorld.vue
FN:67,data
FN:81,sliceOperand
FN:88,pushBtn
FN:96,doThat
FN:99,calculate
FN:121,summ
FN:124,subtraction
FN:127,divide
FN:130,multiply
FN:133,degree
FN:139,integer
FNF:11
FNH:10
FNDA:10,data
FNDA:1,sliceOperand
FNDA:1,pushBtn
FNDA:0,doThat
FNDA:6,calculate
FNDA:1,summ
FNDA:1,subtraction
FNDA:1,divide
FNDA:1,multiply
FNDA:1,degree
FNDA:1,integer
DA:68,10
DA:82,1
DA:83,1
DA:84,0
DA:85,0
DA:89,1
DA:90,1
DA:91,0
DA:92,0
DA:97,0
DA:100,6
DA:102,1
DA:103,1
DA:105,1
DA:106,1
DA:108,1
DA:109,1
DA:111,1
DA:112,1
DA:114,1
DA:115,1
DA:117,1
DA:118,1
DA:122,1
DA:125,1
DA:128,1
DA:131,1
DA:134,1
DA:135,1
DA:136,0
DA:140,1
DA:141,1
DA:142,1
DA:143,0
DA:146,0
DA:147,0
DA:148,0
LF:37
LH:27
BRDA:82,0,0,1
BRDA:82,0,1,0
BRDA:84,1,0,0
BRDA:89,2,0,1
BRDA:89,2,1,0
BRDA:91,3,0,0
BRDA:100,4,0,1
BRDA:100,4,1,1
BRDA:100,4,2,1
BRDA:100,4,3,1
BRDA:100,4,4,1
BRDA:100,4,5,1
BRDA:135,5,0,0
BRDA:140,6,0,1
BRDA:140,6,1,0
BRDA:142,7,0,0
BRDA:147,8,0,0
BRF:17
BRH:9
end_of_record
TN:
SF:src\components\MyExp.vue
FN:13,data
FN:19,addCounter
FNF:2
FNH:0
FNDA:0,data
FNDA:0,addCounter
DA:14,0
DA:20,0
LF:2
LH:0
BRF:0
BRH:0
end_of_record
